CRITICAL - 2021-11-29 20:08:32 --> syntax error, unexpected '}', expecting ';' or ','
#0 C:\laragon\www\aplikasi-pegawai\system\Router\Router.php(160): CodeIgniter\Router\Router->autoRoute('login')
#1 C:\laragon\www\aplikasi-pegawai\system\CodeIgniter.php(702): CodeIgniter\Router\Router->handle('login')
#2 C:\laragon\www\aplikasi-pegawai\system\CodeIgniter.php(358): CodeIgniter\CodeIgniter->tryToRouteIt(Object(CodeIgniter\Router\RouteCollection))
#3 C:\laragon\www\aplikasi-pegawai\system\CodeIgniter.php(317): CodeIgniter\CodeIgniter->handleRequest(NULL, Object(Config\Cache), false)
#4 C:\laragon\www\aplikasi-pegawai\public\index.php(37): CodeIgniter\CodeIgniter->run()
#5 {main}
CRITICAL - 2021-11-29 20:08:34 --> syntax error, unexpected '}', expecting ';' or ','
#0 C:\laragon\www\aplikasi-pegawai\system\Router\Router.php(160): CodeIgniter\Router\Router->autoRoute('login')
#1 C:\laragon\www\aplikasi-pegawai\system\CodeIgniter.php(702): CodeIgniter\Router\Router->handle('login')
#2 C:\laragon\www\aplikasi-pegawai\system\CodeIgniter.php(358): CodeIgniter\CodeIgniter->tryToRouteIt(Object(CodeIgniter\Router\RouteCollection))
#3 C:\laragon\www\aplikasi-pegawai\system\CodeIgniter.php(317): CodeIgniter\CodeIgniter->handleRequest(NULL, Object(Config\Cache), false)
#4 C:\laragon\www\aplikasi-pegawai\public\index.php(37): CodeIgniter\CodeIgniter->run()
#5 {main}
CRITICAL - 2021-11-29 20:34:43 --> Undefined property: App\Controllers\Register::$form_validation
#0 C:\laragon\www\aplikasi-pegawai\app\Controllers\Register.php(21): CodeIgniter\Debug\Exceptions->errorHandler(8, 'Undefined prope...', 'C:\\laragon\\www\\...', 21, Array)
#1 C:\laragon\www\aplikasi-pegawai\system\CodeIgniter.php(802): App\Controllers\Register->submitRegister()
#2 C:\laragon\www\aplikasi-pegawai\system\CodeIgniter.php(399): CodeIgniter\CodeIgniter->runController(Object(App\Controllers\Register))
#3 C:\laragon\www\aplikasi-pegawai\system\CodeIgniter.php(317): CodeIgniter\CodeIgniter->handleRequest(NULL, Object(Config\Cache), false)
#4 C:\laragon\www\aplikasi-pegawai\public\index.php(37): CodeIgniter\CodeIgniter->run()
#5 {main}
CRITICAL - 2021-11-29 20:43:30 --> syntax error, unexpected ';', expecting ')'
#0 C:\laragon\www\aplikasi-pegawai\system\Router\Router.php(160): CodeIgniter\Router\Router->autoRoute('login')
#1 C:\laragon\www\aplikasi-pegawai\system\CodeIgniter.php(702): CodeIgniter\Router\Router->handle('login')
#2 C:\laragon\www\aplikasi-pegawai\system\CodeIgniter.php(358): CodeIgniter\CodeIgniter->tryToRouteIt(Object(CodeIgniter\Router\RouteCollection))
#3 C:\laragon\www\aplikasi-pegawai\system\CodeIgniter.php(317): CodeIgniter\CodeIgniter->handleRequest(NULL, Object(Config\Cache), false)
#4 C:\laragon\www\aplikasi-pegawai\public\index.php(37): CodeIgniter\CodeIgniter->run()
#5 {main}
CRITICAL - 2021-11-29 20:53:46 --> Undefined property: App\Controllers\Login::$load
#0 C:\laragon\www\aplikasi-pegawai\app\Controllers\Login.php(33): CodeIgniter\Debug\Exceptions->errorHandler(8, 'Undefined prope...', 'C:\\laragon\\www\\...', 33, Array)
#1 C:\laragon\www\aplikasi-pegawai\system\CodeIgniter.php(802): App\Controllers\Login->submitLogin()
#2 C:\laragon\www\aplikasi-pegawai\system\CodeIgniter.php(399): CodeIgniter\CodeIgniter->runController(Object(App\Controllers\Login))
#3 C:\laragon\www\aplikasi-pegawai\system\CodeIgniter.php(317): CodeIgniter\CodeIgniter->handleRequest(NULL, Object(Config\Cache), false)
#4 C:\laragon\www\aplikasi-pegawai\public\index.php(37): CodeIgniter\CodeIgniter->run()
#5 {main}
CRITICAL - 2021-11-29 20:59:49 --> Call to undefined function validation_errors()
#0 C:\laragon\www\aplikasi-pegawai\system\View\View.php(214): include()
#1 C:\laragon\www\aplikasi-pegawai\system\View\View.php(217): CodeIgniter\View\View->CodeIgniter\View\{closure}()
#2 C:\laragon\www\aplikasi-pegawai\system\Common.php(1092): CodeIgniter\View\View->render('login_view', Array, true)
#3 C:\laragon\www\aplikasi-pegawai\app\Controllers\Login.php(12): view('login_view')
#4 C:\laragon\www\aplikasi-pegawai\system\CodeIgniter.php(802): App\Controllers\Login->index()
#5 C:\laragon\www\aplikasi-pegawai\system\CodeIgniter.php(399): CodeIgniter\CodeIgniter->runController(Object(App\Controllers\Login))
#6 C:\laragon\www\aplikasi-pegawai\system\CodeIgniter.php(317): CodeIgniter\CodeIgniter->handleRequest(NULL, Object(Config\Cache), false)
#7 C:\laragon\www\aplikasi-pegawai\public\index.php(37): CodeIgniter\CodeIgniter->run()
#8 {main}
CRITICAL - 2021-11-29 21:06:02 --> Cannot call constructor
#0 C:\laragon\www\aplikasi-pegawai\system\CodeIgniter.php(779): App\Controllers\Register->__construct()
#1 C:\laragon\www\aplikasi-pegawai\system\CodeIgniter.php(390): CodeIgniter\CodeIgniter->createController()
#2 C:\laragon\www\aplikasi-pegawai\system\CodeIgniter.php(317): CodeIgniter\CodeIgniter->handleRequest(NULL, Object(Config\Cache), false)
#3 C:\laragon\www\aplikasi-pegawai\public\index.php(37): CodeIgniter\CodeIgniter->run()
#4 {main}
CRITICAL - 2021-11-29 21:06:32 --> Undefined property: App\Controllers\Register::$form_validation
#0 C:\laragon\www\aplikasi-pegawai\app\Controllers\Register.php(21): CodeIgniter\Debug\Exceptions->errorHandler(8, 'Undefined prope...', 'C:\\laragon\\www\\...', 21, Array)
#1 C:\laragon\www\aplikasi-pegawai\system\CodeIgniter.php(802): App\Controllers\Register->submitRegister()
#2 C:\laragon\www\aplikasi-pegawai\system\CodeIgniter.php(399): CodeIgniter\CodeIgniter->runController(Object(App\Controllers\Register))
#3 C:\laragon\www\aplikasi-pegawai\system\CodeIgniter.php(317): CodeIgniter\CodeIgniter->handleRequest(NULL, Object(Config\Cache), false)
#4 C:\laragon\www\aplikasi-pegawai\public\index.php(37): CodeIgniter\CodeIgniter->run()
#5 {main}
CRITICAL - 2021-11-29 21:06:54 --> Undefined property: App\Controllers\Register::$load
#0 C:\laragon\www\aplikasi-pegawai\app\Controllers\Register.php(21): CodeIgniter\Debug\Exceptions->errorHandler(8, 'Undefined prope...', 'C:\\laragon\\www\\...', 21, Array)
#1 C:\laragon\www\aplikasi-pegawai\system\CodeIgniter.php(802): App\Controllers\Register->submitRegister()
#2 C:\laragon\www\aplikasi-pegawai\system\CodeIgniter.php(399): CodeIgniter\CodeIgniter->runController(Object(App\Controllers\Register))
#3 C:\laragon\www\aplikasi-pegawai\system\CodeIgniter.php(317): CodeIgniter\CodeIgniter->handleRequest(NULL, Object(Config\Cache), false)
#4 C:\laragon\www\aplikasi-pegawai\public\index.php(37): CodeIgniter\CodeIgniter->run()
#5 {main}
CRITICAL - 2021-11-29 21:07:18 --> Cannot call constructor
#0 C:\laragon\www\aplikasi-pegawai\system\CodeIgniter.php(779): App\Controllers\Register->__construct()
#1 C:\laragon\www\aplikasi-pegawai\system\CodeIgniter.php(390): CodeIgniter\CodeIgniter->createController()
#2 C:\laragon\www\aplikasi-pegawai\system\CodeIgniter.php(317): CodeIgniter\CodeIgniter->handleRequest(NULL, Object(Config\Cache), false)
#3 C:\laragon\www\aplikasi-pegawai\public\index.php(37): CodeIgniter\CodeIgniter->run()
#4 {main}
CRITICAL - 2021-11-29 21:07:21 --> Cannot call constructor
#0 C:\laragon\www\aplikasi-pegawai\system\CodeIgniter.php(779): App\Controllers\Register->__construct()
#1 C:\laragon\www\aplikasi-pegawai\system\CodeIgniter.php(390): CodeIgniter\CodeIgniter->createController()
#2 C:\laragon\www\aplikasi-pegawai\system\CodeIgniter.php(317): CodeIgniter\CodeIgniter->handleRequest(NULL, Object(Config\Cache), false)
#3 C:\laragon\www\aplikasi-pegawai\public\index.php(37): CodeIgniter\CodeIgniter->run()
#4 {main}
CRITICAL - 2021-11-29 21:07:25 --> Cannot call constructor
#0 C:\laragon\www\aplikasi-pegawai\system\CodeIgniter.php(779): App\Controllers\Register->__construct()
#1 C:\laragon\www\aplikasi-pegawai\system\CodeIgniter.php(390): CodeIgniter\CodeIgniter->createController()
#2 C:\laragon\www\aplikasi-pegawai\system\CodeIgniter.php(317): CodeIgniter\CodeIgniter->handleRequest(NULL, Object(Config\Cache), false)
#3 C:\laragon\www\aplikasi-pegawai\public\index.php(37): CodeIgniter\CodeIgniter->run()
#4 {main}
CRITICAL - 2021-11-29 21:13:31 --> Undefined variable: validation
#0 C:\laragon\www\aplikasi-pegawai\app\Views\register_view.php(11): CodeIgniter\Debug\Exceptions->errorHandler(8, 'Undefined varia...', 'C:\\laragon\\www\\...', 11, Array)
#1 C:\laragon\www\aplikasi-pegawai\system\View\View.php(214): include('C:\\laragon\\www\\...')
#2 C:\laragon\www\aplikasi-pegawai\system\View\View.php(217): CodeIgniter\View\View->CodeIgniter\View\{closure}()
#3 C:\laragon\www\aplikasi-pegawai\system\Common.php(1092): CodeIgniter\View\View->render('register_view', Array, true)
#4 C:\laragon\www\aplikasi-pegawai\app\Controllers\Register.php(12): view('register_view')
#5 C:\laragon\www\aplikasi-pegawai\system\CodeIgniter.php(802): App\Controllers\Register->index()
#6 C:\laragon\www\aplikasi-pegawai\system\CodeIgniter.php(399): CodeIgniter\CodeIgniter->runController(Object(App\Controllers\Register))
#7 C:\laragon\www\aplikasi-pegawai\system\CodeIgniter.php(317): CodeIgniter\CodeIgniter->handleRequest(NULL, Object(Config\Cache), false)
#8 C:\laragon\www\aplikasi-pegawai\public\index.php(37): CodeIgniter\CodeIgniter->run()
#9 {main}
CRITICAL - 2021-11-29 21:16:25 --> Undefined variable: validation
#0 C:\laragon\www\aplikasi-pegawai\app\Views\register_view.php(10): CodeIgniter\Debug\Exceptions->errorHandler(8, 'Undefined varia...', 'C:\\laragon\\www\\...', 10, Array)
#1 C:\laragon\www\aplikasi-pegawai\system\View\View.php(214): include('C:\\laragon\\www\\...')
#2 C:\laragon\www\aplikasi-pegawai\system\View\View.php(217): CodeIgniter\View\View->CodeIgniter\View\{closure}()
#3 C:\laragon\www\aplikasi-pegawai\system\Common.php(1092): CodeIgniter\View\View->render('register_view', Array, true)
#4 C:\laragon\www\aplikasi-pegawai\app\Controllers\Register.php(12): view('register_view')
#5 C:\laragon\www\aplikasi-pegawai\system\CodeIgniter.php(802): App\Controllers\Register->index()
#6 C:\laragon\www\aplikasi-pegawai\system\CodeIgniter.php(399): CodeIgniter\CodeIgniter->runController(Object(App\Controllers\Register))
#7 C:\laragon\www\aplikasi-pegawai\system\CodeIgniter.php(317): CodeIgniter\CodeIgniter->handleRequest(NULL, Object(Config\Cache), false)
#8 C:\laragon\www\aplikasi-pegawai\public\index.php(37): CodeIgniter\CodeIgniter->run()
#9 {main}
CRITICAL - 2021-11-29 21:24:07 --> Object of class CodeIgniter\Validation\Validation could not be converted to string
#0 C:\laragon\www\aplikasi-pegawai\system\View\View.php(214): include()
#1 C:\laragon\www\aplikasi-pegawai\system\View\View.php(217): CodeIgniter\View\View->CodeIgniter\View\{closure}()
#2 C:\laragon\www\aplikasi-pegawai\system\Common.php(1092): CodeIgniter\View\View->render('register_view', Array, true)
#3 C:\laragon\www\aplikasi-pegawai\app\Controllers\Register.php(12): view('register_view')
#4 C:\laragon\www\aplikasi-pegawai\system\CodeIgniter.php(802): App\Controllers\Register->index()
#5 C:\laragon\www\aplikasi-pegawai\system\CodeIgniter.php(399): CodeIgniter\CodeIgniter->runController(Object(App\Controllers\Register))
#6 C:\laragon\www\aplikasi-pegawai\system\CodeIgniter.php(317): CodeIgniter\CodeIgniter->handleRequest(NULL, Object(Config\Cache), false)
#7 C:\laragon\www\aplikasi-pegawai\public\index.php(37): CodeIgniter\CodeIgniter->run()
#8 {main}
CRITICAL - 2021-11-29 21:27:36 --> Undefined variable: data
#0 C:\laragon\www\aplikasi-pegawai\app\Controllers\Register.php(40): CodeIgniter\Debug\Exceptions->errorHandler(8, 'Undefined varia...', 'C:\\laragon\\www\\...', 40, Array)
#1 C:\laragon\www\aplikasi-pegawai\system\CodeIgniter.php(802): App\Controllers\Register->submitRegister()
#2 C:\laragon\www\aplikasi-pegawai\system\CodeIgniter.php(399): CodeIgniter\CodeIgniter->runController(Object(App\Controllers\Register))
#3 C:\laragon\www\aplikasi-pegawai\system\CodeIgniter.php(317): CodeIgniter\CodeIgniter->handleRequest(NULL, Object(Config\Cache), false)
#4 C:\laragon\www\aplikasi-pegawai\public\index.php(37): CodeIgniter\CodeIgniter->run()
#5 {main}
CRITICAL - 2021-11-29 21:42:47 --> Undefined variable: validation
#0 C:\laragon\www\aplikasi-pegawai\app\Views\register_view.php(14): CodeIgniter\Debug\Exceptions->errorHandler(8, 'Undefined varia...', 'C:\\laragon\\www\\...', 14, Array)
#1 C:\laragon\www\aplikasi-pegawai\system\View\View.php(214): include('C:\\laragon\\www\\...')
#2 C:\laragon\www\aplikasi-pegawai\system\View\View.php(217): CodeIgniter\View\View->CodeIgniter\View\{closure}()
#3 C:\laragon\www\aplikasi-pegawai\system\Common.php(1092): CodeIgniter\View\View->render('register_view', Array, true)
#4 C:\laragon\www\aplikasi-pegawai\app\Controllers\Register.php(12): view('register_view')
#5 C:\laragon\www\aplikasi-pegawai\system\CodeIgniter.php(802): App\Controllers\Register->index()
#6 C:\laragon\www\aplikasi-pegawai\system\CodeIgniter.php(399): CodeIgniter\CodeIgniter->runController(Object(App\Controllers\Register))
#7 C:\laragon\www\aplikasi-pegawai\system\CodeIgniter.php(317): CodeIgniter\CodeIgniter->handleRequest(NULL, Object(Config\Cache), false)
#8 C:\laragon\www\aplikasi-pegawai\public\index.php(37): CodeIgniter\CodeIgniter->run()
#9 {main}
CRITICAL - 2021-11-29 21:44:12 --> Undefined variable: validation
#0 C:\laragon\www\aplikasi-pegawai\app\Views\register_view.php(14): CodeIgniter\Debug\Exceptions->errorHandler(8, 'Undefined varia...', 'C:\\laragon\\www\\...', 14, Array)
#1 C:\laragon\www\aplikasi-pegawai\system\View\View.php(214): include('C:\\laragon\\www\\...')
#2 C:\laragon\www\aplikasi-pegawai\system\View\View.php(217): CodeIgniter\View\View->CodeIgniter\View\{closure}()
#3 C:\laragon\www\aplikasi-pegawai\system\Common.php(1092): CodeIgniter\View\View->render('register_view', Array, true)
#4 C:\laragon\www\aplikasi-pegawai\app\Controllers\Register.php(12): view('register_view')
#5 C:\laragon\www\aplikasi-pegawai\system\CodeIgniter.php(802): App\Controllers\Register->index()
#6 C:\laragon\www\aplikasi-pegawai\system\CodeIgniter.php(399): CodeIgniter\CodeIgniter->runController(Object(App\Controllers\Register))
#7 C:\laragon\www\aplikasi-pegawai\system\CodeIgniter.php(317): CodeIgniter\CodeIgniter->handleRequest(NULL, Object(Config\Cache), false)
#8 C:\laragon\www\aplikasi-pegawai\public\index.php(37): CodeIgniter\CodeIgniter->run()
#9 {main}
CRITICAL - 2021-11-29 21:44:22 --> Call to undefined function form_open()
#0 C:\laragon\www\aplikasi-pegawai\system\View\View.php(214): include()
#1 C:\laragon\www\aplikasi-pegawai\system\View\View.php(217): CodeIgniter\View\View->CodeIgniter\View\{closure}()
#2 C:\laragon\www\aplikasi-pegawai\system\Common.php(1092): CodeIgniter\View\View->render('register_view', Array, true)
#3 C:\laragon\www\aplikasi-pegawai\app\Controllers\Register.php(12): view('register_view')
#4 C:\laragon\www\aplikasi-pegawai\system\CodeIgniter.php(802): App\Controllers\Register->index()
#5 C:\laragon\www\aplikasi-pegawai\system\CodeIgniter.php(399): CodeIgniter\CodeIgniter->runController(Object(App\Controllers\Register))
#6 C:\laragon\www\aplikasi-pegawai\system\CodeIgniter.php(317): CodeIgniter\CodeIgniter->handleRequest(NULL, Object(Config\Cache), false)
#7 C:\laragon\www\aplikasi-pegawai\public\index.php(37): CodeIgniter\CodeIgniter->run()
#8 {main}
CRITICAL - 2021-11-29 21:44:48 --> Undefined variable: validation
#0 C:\laragon\www\aplikasi-pegawai\app\Views\register_view.php(16): CodeIgniter\Debug\Exceptions->errorHandler(8, 'Undefined varia...', 'C:\\laragon\\www\\...', 16, Array)
#1 C:\laragon\www\aplikasi-pegawai\system\View\View.php(214): include('C:\\laragon\\www\\...')
#2 C:\laragon\www\aplikasi-pegawai\system\View\View.php(217): CodeIgniter\View\View->CodeIgniter\View\{closure}()
#3 C:\laragon\www\aplikasi-pegawai\system\Common.php(1092): CodeIgniter\View\View->render('register_view', Array, true)
#4 C:\laragon\www\aplikasi-pegawai\app\Controllers\Register.php(12): view('register_view')
#5 C:\laragon\www\aplikasi-pegawai\system\CodeIgniter.php(802): App\Controllers\Register->index()
#6 C:\laragon\www\aplikasi-pegawai\system\CodeIgniter.php(399): CodeIgniter\CodeIgniter->runController(Object(App\Controllers\Register))
#7 C:\laragon\www\aplikasi-pegawai\system\CodeIgniter.php(317): CodeIgniter\CodeIgniter->handleRequest(NULL, Object(Config\Cache), false)
#8 C:\laragon\www\aplikasi-pegawai\public\index.php(37): CodeIgniter\CodeIgniter->run()
#9 {main}
CRITICAL - 2021-11-29 22:10:52 --> Undefined variable: validation
#0 C:\laragon\www\aplikasi-pegawai\app\Views\register_view.php(14): CodeIgniter\Debug\Exceptions->errorHandler(8, 'Undefined varia...', 'C:\\laragon\\www\\...', 14, Array)
#1 C:\laragon\www\aplikasi-pegawai\system\View\View.php(214): include('C:\\laragon\\www\\...')
#2 C:\laragon\www\aplikasi-pegawai\system\View\View.php(217): CodeIgniter\View\View->CodeIgniter\View\{closure}()
#3 C:\laragon\www\aplikasi-pegawai\system\Common.php(1092): CodeIgniter\View\View->render('register_view', Array, true)
#4 C:\laragon\www\aplikasi-pegawai\app\Controllers\Register.php(12): view('register_view')
#5 C:\laragon\www\aplikasi-pegawai\system\CodeIgniter.php(802): App\Controllers\Register->index()
#6 C:\laragon\www\aplikasi-pegawai\system\CodeIgniter.php(399): CodeIgniter\CodeIgniter->runController(Object(App\Controllers\Register))
#7 C:\laragon\www\aplikasi-pegawai\system\CodeIgniter.php(317): CodeIgniter\CodeIgniter->handleRequest(NULL, Object(Config\Cache), false)
#8 C:\laragon\www\aplikasi-pegawai\public\index.php(37): CodeIgniter\CodeIgniter->run()
#9 {main}
CRITICAL - 2021-11-29 22:14:23 --> Undefined variable: validation
#0 C:\laragon\www\aplikasi-pegawai\app\Views\register_view.php(14): CodeIgniter\Debug\Exceptions->errorHandler(8, 'Undefined varia...', 'C:\\laragon\\www\\...', 14, Array)
#1 C:\laragon\www\aplikasi-pegawai\system\View\View.php(214): include('C:\\laragon\\www\\...')
#2 C:\laragon\www\aplikasi-pegawai\system\View\View.php(217): CodeIgniter\View\View->CodeIgniter\View\{closure}()
#3 C:\laragon\www\aplikasi-pegawai\system\Common.php(1092): CodeIgniter\View\View->render('register_view', Array, true)
#4 C:\laragon\www\aplikasi-pegawai\app\Controllers\Register.php(12): view('register_view')
#5 C:\laragon\www\aplikasi-pegawai\system\CodeIgniter.php(802): App\Controllers\Register->index()
#6 C:\laragon\www\aplikasi-pegawai\system\CodeIgniter.php(399): CodeIgniter\CodeIgniter->runController(Object(App\Controllers\Register))
#7 C:\laragon\www\aplikasi-pegawai\system\CodeIgniter.php(317): CodeIgniter\CodeIgniter->handleRequest(NULL, Object(Config\Cache), false)
#8 C:\laragon\www\aplikasi-pegawai\public\index.php(37): CodeIgniter\CodeIgniter->run()
#9 {main}
CRITICAL - 2021-11-29 22:14:24 --> Undefined variable: validation
#0 C:\laragon\www\aplikasi-pegawai\app\Views\register_view.php(14): CodeIgniter\Debug\Exceptions->errorHandler(8, 'Undefined varia...', 'C:\\laragon\\www\\...', 14, Array)
#1 C:\laragon\www\aplikasi-pegawai\system\View\View.php(214): include('C:\\laragon\\www\\...')
#2 C:\laragon\www\aplikasi-pegawai\system\View\View.php(217): CodeIgniter\View\View->CodeIgniter\View\{closure}()
#3 C:\laragon\www\aplikasi-pegawai\system\Common.php(1092): CodeIgniter\View\View->render('register_view', Array, true)
#4 C:\laragon\www\aplikasi-pegawai\app\Controllers\Register.php(12): view('register_view')
#5 C:\laragon\www\aplikasi-pegawai\system\CodeIgniter.php(802): App\Controllers\Register->index()
#6 C:\laragon\www\aplikasi-pegawai\system\CodeIgniter.php(399): CodeIgniter\CodeIgniter->runController(Object(App\Controllers\Register))
#7 C:\laragon\www\aplikasi-pegawai\system\CodeIgniter.php(317): CodeIgniter\CodeIgniter->handleRequest(NULL, Object(Config\Cache), false)
#8 C:\laragon\www\aplikasi-pegawai\public\index.php(37): CodeIgniter\CodeIgniter->run()
#9 {main}
CRITICAL - 2021-11-29 22:14:26 --> Undefined variable: validation
#0 C:\laragon\www\aplikasi-pegawai\app\Views\register_view.php(14): CodeIgniter\Debug\Exceptions->errorHandler(8, 'Undefined varia...', 'C:\\laragon\\www\\...', 14, Array)
#1 C:\laragon\www\aplikasi-pegawai\system\View\View.php(214): include('C:\\laragon\\www\\...')
#2 C:\laragon\www\aplikasi-pegawai\system\View\View.php(217): CodeIgniter\View\View->CodeIgniter\View\{closure}()
#3 C:\laragon\www\aplikasi-pegawai\system\Common.php(1092): CodeIgniter\View\View->render('register_view', Array, true)
#4 C:\laragon\www\aplikasi-pegawai\app\Controllers\Register.php(12): view('register_view')
#5 C:\laragon\www\aplikasi-pegawai\system\CodeIgniter.php(802): App\Controllers\Register->index()
#6 C:\laragon\www\aplikasi-pegawai\system\CodeIgniter.php(399): CodeIgniter\CodeIgniter->runController(Object(App\Controllers\Register))
#7 C:\laragon\www\aplikasi-pegawai\system\CodeIgniter.php(317): CodeIgniter\CodeIgniter->handleRequest(NULL, Object(Config\Cache), false)
#8 C:\laragon\www\aplikasi-pegawai\public\index.php(37): CodeIgniter\CodeIgniter->run()
#9 {main}
CRITICAL - 2021-11-29 22:14:28 --> Undefined variable: validation
#0 C:\laragon\www\aplikasi-pegawai\app\Views\register_view.php(14): CodeIgniter\Debug\Exceptions->errorHandler(8, 'Undefined varia...', 'C:\\laragon\\www\\...', 14, Array)
#1 C:\laragon\www\aplikasi-pegawai\system\View\View.php(214): include('C:\\laragon\\www\\...')
#2 C:\laragon\www\aplikasi-pegawai\system\View\View.php(217): CodeIgniter\View\View->CodeIgniter\View\{closure}()
#3 C:\laragon\www\aplikasi-pegawai\system\Common.php(1092): CodeIgniter\View\View->render('register_view', Array, true)
#4 C:\laragon\www\aplikasi-pegawai\app\Controllers\Register.php(12): view('register_view')
#5 C:\laragon\www\aplikasi-pegawai\system\CodeIgniter.php(802): App\Controllers\Register->index()
#6 C:\laragon\www\aplikasi-pegawai\system\CodeIgniter.php(399): CodeIgniter\CodeIgniter->runController(Object(App\Controllers\Register))
#7 C:\laragon\www\aplikasi-pegawai\system\CodeIgniter.php(317): CodeIgniter\CodeIgniter->handleRequest(NULL, Object(Config\Cache), false)
#8 C:\laragon\www\aplikasi-pegawai\public\index.php(37): CodeIgniter\CodeIgniter->run()
#9 {main}
CRITICAL - 2021-11-29 22:15:39 --> Undefined variable: validation
#0 C:\laragon\www\aplikasi-pegawai\app\Views\register_view.php(14): CodeIgniter\Debug\Exceptions->errorHandler(8, 'Undefined varia...', 'C:\\laragon\\www\\...', 14, Array)
#1 C:\laragon\www\aplikasi-pegawai\system\View\View.php(214): include('C:\\laragon\\www\\...')
#2 C:\laragon\www\aplikasi-pegawai\system\View\View.php(217): CodeIgniter\View\View->CodeIgniter\View\{closure}()
#3 C:\laragon\www\aplikasi-pegawai\system\Common.php(1092): CodeIgniter\View\View->render('register_view', Array, true)
#4 C:\laragon\www\aplikasi-pegawai\app\Controllers\Register.php(12): view('register_view')
#5 C:\laragon\www\aplikasi-pegawai\system\CodeIgniter.php(802): App\Controllers\Register->index()
#6 C:\laragon\www\aplikasi-pegawai\system\CodeIgniter.php(399): CodeIgniter\CodeIgniter->runController(Object(App\Controllers\Register))
#7 C:\laragon\www\aplikasi-pegawai\system\CodeIgniter.php(317): CodeIgniter\CodeIgniter->handleRequest(NULL, Object(Config\Cache), false)
#8 C:\laragon\www\aplikasi-pegawai\public\index.php(37): CodeIgniter\CodeIgniter->run()
#9 {main}
CRITICAL - 2021-11-29 22:15:40 --> Undefined variable: validation
#0 C:\laragon\www\aplikasi-pegawai\app\Views\register_view.php(14): CodeIgniter\Debug\Exceptions->errorHandler(8, 'Undefined varia...', 'C:\\laragon\\www\\...', 14, Array)
#1 C:\laragon\www\aplikasi-pegawai\system\View\View.php(214): include('C:\\laragon\\www\\...')
#2 C:\laragon\www\aplikasi-pegawai\system\View\View.php(217): CodeIgniter\View\View->CodeIgniter\View\{closure}()
#3 C:\laragon\www\aplikasi-pegawai\system\Common.php(1092): CodeIgniter\View\View->render('register_view', Array, true)
#4 C:\laragon\www\aplikasi-pegawai\app\Controllers\Register.php(12): view('register_view')
#5 C:\laragon\www\aplikasi-pegawai\system\CodeIgniter.php(802): App\Controllers\Register->index()
#6 C:\laragon\www\aplikasi-pegawai\system\CodeIgniter.php(399): CodeIgniter\CodeIgniter->runController(Object(App\Controllers\Register))
#7 C:\laragon\www\aplikasi-pegawai\system\CodeIgniter.php(317): CodeIgniter\CodeIgniter->handleRequest(NULL, Object(Config\Cache), false)
#8 C:\laragon\www\aplikasi-pegawai\public\index.php(37): CodeIgniter\CodeIgniter->run()
#9 {main}
CRITICAL - 2021-11-29 22:15:41 --> Undefined variable: validation
#0 C:\laragon\www\aplikasi-pegawai\app\Views\register_view.php(14): CodeIgniter\Debug\Exceptions->errorHandler(8, 'Undefined varia...', 'C:\\laragon\\www\\...', 14, Array)
#1 C:\laragon\www\aplikasi-pegawai\system\View\View.php(214): include('C:\\laragon\\www\\...')
#2 C:\laragon\www\aplikasi-pegawai\system\View\View.php(217): CodeIgniter\View\View->CodeIgniter\View\{closure}()
#3 C:\laragon\www\aplikasi-pegawai\system\Common.php(1092): CodeIgniter\View\View->render('register_view', Array, true)
#4 C:\laragon\www\aplikasi-pegawai\app\Controllers\Register.php(12): view('register_view')
#5 C:\laragon\www\aplikasi-pegawai\system\CodeIgniter.php(802): App\Controllers\Register->index()
#6 C:\laragon\www\aplikasi-pegawai\system\CodeIgniter.php(399): CodeIgniter\CodeIgniter->runController(Object(App\Controllers\Register))
#7 C:\laragon\www\aplikasi-pegawai\system\CodeIgniter.php(317): CodeIgniter\CodeIgniter->handleRequest(NULL, Object(Config\Cache), false)
#8 C:\laragon\www\aplikasi-pegawai\public\index.php(37): CodeIgniter\CodeIgniter->run()
#9 {main}
CRITICAL - 2021-11-29 22:16:13 --> Undefined variable: validation
#0 C:\laragon\www\aplikasi-pegawai\app\Views\register_view.php(14): CodeIgniter\Debug\Exceptions->errorHandler(8, 'Undefined varia...', 'C:\\laragon\\www\\...', 14, Array)
#1 C:\laragon\www\aplikasi-pegawai\system\View\View.php(214): include('C:\\laragon\\www\\...')
#2 C:\laragon\www\aplikasi-pegawai\system\View\View.php(217): CodeIgniter\View\View->CodeIgniter\View\{closure}()
#3 C:\laragon\www\aplikasi-pegawai\system\Common.php(1092): CodeIgniter\View\View->render('register_view', Array, true)
#4 C:\laragon\www\aplikasi-pegawai\app\Controllers\Register.php(12): view('register_view')
#5 C:\laragon\www\aplikasi-pegawai\system\CodeIgniter.php(802): App\Controllers\Register->index()
#6 C:\laragon\www\aplikasi-pegawai\system\CodeIgniter.php(399): CodeIgniter\CodeIgniter->runController(Object(App\Controllers\Register))
#7 C:\laragon\www\aplikasi-pegawai\system\CodeIgniter.php(317): CodeIgniter\CodeIgniter->handleRequest(NULL, Object(Config\Cache), false)
#8 C:\laragon\www\aplikasi-pegawai\public\index.php(37): CodeIgniter\CodeIgniter->run()
#9 {main}
CRITICAL - 2021-11-29 22:23:54 --> Undefined variable: validation
#0 C:\laragon\www\aplikasi-pegawai\app\Views\register_view.php(38): CodeIgniter\Debug\Exceptions->errorHandler(8, 'Undefined varia...', 'C:\\laragon\\www\\...', 38, Array)
#1 C:\laragon\www\aplikasi-pegawai\system\View\View.php(214): include('C:\\laragon\\www\\...')
#2 C:\laragon\www\aplikasi-pegawai\system\View\View.php(217): CodeIgniter\View\View->CodeIgniter\View\{closure}()
#3 C:\laragon\www\aplikasi-pegawai\system\Common.php(1092): CodeIgniter\View\View->render('register_view', Array, true)
#4 C:\laragon\www\aplikasi-pegawai\app\Controllers\Register.php(12): view('register_view')
#5 C:\laragon\www\aplikasi-pegawai\system\CodeIgniter.php(802): App\Controllers\Register->index()
#6 C:\laragon\www\aplikasi-pegawai\system\CodeIgniter.php(399): CodeIgniter\CodeIgniter->runController(Object(App\Controllers\Register))
#7 C:\laragon\www\aplikasi-pegawai\system\CodeIgniter.php(317): CodeIgniter\CodeIgniter->handleRequest(NULL, Object(Config\Cache), false)
#8 C:\laragon\www\aplikasi-pegawai\public\index.php(37): CodeIgniter\CodeIgniter->run()
#9 {main}
CRITICAL - 2021-11-29 22:24:15 --> Undefined variable: validation
#0 C:\laragon\www\aplikasi-pegawai\app\Views\register_view.php(16): CodeIgniter\Debug\Exceptions->errorHandler(8, 'Undefined varia...', 'C:\\laragon\\www\\...', 16, Array)
#1 C:\laragon\www\aplikasi-pegawai\system\View\View.php(214): include('C:\\laragon\\www\\...')
#2 C:\laragon\www\aplikasi-pegawai\system\View\View.php(217): CodeIgniter\View\View->CodeIgniter\View\{closure}()
#3 C:\laragon\www\aplikasi-pegawai\system\Common.php(1092): CodeIgniter\View\View->render('register_view', Array, true)
#4 C:\laragon\www\aplikasi-pegawai\app\Controllers\Register.php(12): view('register_view')
#5 C:\laragon\www\aplikasi-pegawai\system\CodeIgniter.php(802): App\Controllers\Register->index()
#6 C:\laragon\www\aplikasi-pegawai\system\CodeIgniter.php(399): CodeIgniter\CodeIgniter->runController(Object(App\Controllers\Register))
#7 C:\laragon\www\aplikasi-pegawai\system\CodeIgniter.php(317): CodeIgniter\CodeIgniter->handleRequest(NULL, Object(Config\Cache), false)
#8 C:\laragon\www\aplikasi-pegawai\public\index.php(37): CodeIgniter\CodeIgniter->run()
#9 {main}
CRITICAL - 2021-11-29 22:29:30 --> Undefined variable: validation
#0 C:\laragon\www\aplikasi-pegawai\app\Views\register_view.php(14): CodeIgniter\Debug\Exceptions->errorHandler(8, 'Undefined varia...', 'C:\\laragon\\www\\...', 14, Array)
#1 C:\laragon\www\aplikasi-pegawai\system\View\View.php(214): include('C:\\laragon\\www\\...')
#2 C:\laragon\www\aplikasi-pegawai\system\View\View.php(217): CodeIgniter\View\View->CodeIgniter\View\{closure}()
#3 C:\laragon\www\aplikasi-pegawai\system\Common.php(1092): CodeIgniter\View\View->render('register_view', Array, true)
#4 C:\laragon\www\aplikasi-pegawai\app\Controllers\Register.php(12): view('register_view')
#5 C:\laragon\www\aplikasi-pegawai\system\CodeIgniter.php(802): App\Controllers\Register->index()
#6 C:\laragon\www\aplikasi-pegawai\system\CodeIgniter.php(399): CodeIgniter\CodeIgniter->runController(Object(App\Controllers\Register))
#7 C:\laragon\www\aplikasi-pegawai\system\CodeIgniter.php(317): CodeIgniter\CodeIgniter->handleRequest(NULL, Object(Config\Cache), false)
#8 C:\laragon\www\aplikasi-pegawai\public\index.php(37): CodeIgniter\CodeIgniter->run()
#9 {main}
CRITICAL - 2021-11-29 22:29:32 --> Undefined variable: validation
#0 C:\laragon\www\aplikasi-pegawai\app\Views\register_view.php(14): CodeIgniter\Debug\Exceptions->errorHandler(8, 'Undefined varia...', 'C:\\laragon\\www\\...', 14, Array)
#1 C:\laragon\www\aplikasi-pegawai\system\View\View.php(214): include('C:\\laragon\\www\\...')
#2 C:\laragon\www\aplikasi-pegawai\system\View\View.php(217): CodeIgniter\View\View->CodeIgniter\View\{closure}()
#3 C:\laragon\www\aplikasi-pegawai\system\Common.php(1092): CodeIgniter\View\View->render('register_view', Array, true)
#4 C:\laragon\www\aplikasi-pegawai\app\Controllers\Register.php(12): view('register_view')
#5 C:\laragon\www\aplikasi-pegawai\system\CodeIgniter.php(802): App\Controllers\Register->index()
#6 C:\laragon\www\aplikasi-pegawai\system\CodeIgniter.php(399): CodeIgniter\CodeIgniter->runController(Object(App\Controllers\Register))
#7 C:\laragon\www\aplikasi-pegawai\system\CodeIgniter.php(317): CodeIgniter\CodeIgniter->handleRequest(NULL, Object(Config\Cache), false)
#8 C:\laragon\www\aplikasi-pegawai\public\index.php(37): CodeIgniter\CodeIgniter->run()
#9 {main}
CRITICAL - 2021-11-29 22:29:32 --> Undefined variable: validation
#0 C:\laragon\www\aplikasi-pegawai\app\Views\register_view.php(14): CodeIgniter\Debug\Exceptions->errorHandler(8, 'Undefined varia...', 'C:\\laragon\\www\\...', 14, Array)
#1 C:\laragon\www\aplikasi-pegawai\system\View\View.php(214): include('C:\\laragon\\www\\...')
#2 C:\laragon\www\aplikasi-pegawai\system\View\View.php(217): CodeIgniter\View\View->CodeIgniter\View\{closure}()
#3 C:\laragon\www\aplikasi-pegawai\system\Common.php(1092): CodeIgniter\View\View->render('register_view', Array, true)
#4 C:\laragon\www\aplikasi-pegawai\app\Controllers\Register.php(12): view('register_view')
#5 C:\laragon\www\aplikasi-pegawai\system\CodeIgniter.php(802): App\Controllers\Register->index()
#6 C:\laragon\www\aplikasi-pegawai\system\CodeIgniter.php(399): CodeIgniter\CodeIgniter->runController(Object(App\Controllers\Register))
#7 C:\laragon\www\aplikasi-pegawai\system\CodeIgniter.php(317): CodeIgniter\CodeIgniter->handleRequest(NULL, Object(Config\Cache), false)
#8 C:\laragon\www\aplikasi-pegawai\public\index.php(37): CodeIgniter\CodeIgniter->run()
#9 {main}
CRITICAL - 2021-11-29 22:30:01 --> Undefined variable: validation
#0 C:\laragon\www\aplikasi-pegawai\app\Views\register_view.php(14): CodeIgniter\Debug\Exceptions->errorHandler(8, 'Undefined varia...', 'C:\\laragon\\www\\...', 14, Array)
#1 C:\laragon\www\aplikasi-pegawai\system\View\View.php(214): include('C:\\laragon\\www\\...')
#2 C:\laragon\www\aplikasi-pegawai\system\View\View.php(217): CodeIgniter\View\View->CodeIgniter\View\{closure}()
#3 C:\laragon\www\aplikasi-pegawai\system\Common.php(1092): CodeIgniter\View\View->render('register_view', Array, true)
#4 C:\laragon\www\aplikasi-pegawai\app\Controllers\Register.php(12): view('register_view')
#5 C:\laragon\www\aplikasi-pegawai\system\CodeIgniter.php(802): App\Controllers\Register->index()
#6 C:\laragon\www\aplikasi-pegawai\system\CodeIgniter.php(399): CodeIgniter\CodeIgniter->runController(Object(App\Controllers\Register))
#7 C:\laragon\www\aplikasi-pegawai\system\CodeIgniter.php(317): CodeIgniter\CodeIgniter->handleRequest(NULL, Object(Config\Cache), false)
#8 C:\laragon\www\aplikasi-pegawai\public\index.php(37): CodeIgniter\CodeIgniter->run()
#9 {main}
CRITICAL - 2021-11-29 22:30:11 --> syntax error, unexpected '?>'
#0 C:\laragon\www\aplikasi-pegawai\system\View\View.php(217): CodeIgniter\View\View->CodeIgniter\View\{closure}()
#1 C:\laragon\www\aplikasi-pegawai\system\Common.php(1092): CodeIgniter\View\View->render('register_view', Array, true)
#2 C:\laragon\www\aplikasi-pegawai\app\Controllers\Register.php(12): view('register_view')
#3 C:\laragon\www\aplikasi-pegawai\system\CodeIgniter.php(802): App\Controllers\Register->index()
#4 C:\laragon\www\aplikasi-pegawai\system\CodeIgniter.php(399): CodeIgniter\CodeIgniter->runController(Object(App\Controllers\Register))
#5 C:\laragon\www\aplikasi-pegawai\system\CodeIgniter.php(317): CodeIgniter\CodeIgniter->handleRequest(NULL, Object(Config\Cache), false)
#6 C:\laragon\www\aplikasi-pegawai\public\index.php(37): CodeIgniter\CodeIgniter->run()
#7 {main}
CRITICAL - 2021-11-29 22:30:48 --> Undefined variable: validation
#0 C:\laragon\www\aplikasi-pegawai\app\Views\register_view.php(14): CodeIgniter\Debug\Exceptions->errorHandler(8, 'Undefined varia...', 'C:\\laragon\\www\\...', 14, Array)
#1 C:\laragon\www\aplikasi-pegawai\system\View\View.php(214): include('C:\\laragon\\www\\...')
#2 C:\laragon\www\aplikasi-pegawai\system\View\View.php(217): CodeIgniter\View\View->CodeIgniter\View\{closure}()
#3 C:\laragon\www\aplikasi-pegawai\system\Common.php(1092): CodeIgniter\View\View->render('register_view', Array, true)
#4 C:\laragon\www\aplikasi-pegawai\app\Controllers\Register.php(12): view('register_view')
#5 C:\laragon\www\aplikasi-pegawai\system\CodeIgniter.php(802): App\Controllers\Register->index()
#6 C:\laragon\www\aplikasi-pegawai\system\CodeIgniter.php(399): CodeIgniter\CodeIgniter->runController(Object(App\Controllers\Register))
#7 C:\laragon\www\aplikasi-pegawai\system\CodeIgniter.php(317): CodeIgniter\CodeIgniter->handleRequest(NULL, Object(Config\Cache), false)
#8 C:\laragon\www\aplikasi-pegawai\public\index.php(37): CodeIgniter\CodeIgniter->run()
#9 {main}
CRITICAL - 2021-11-29 22:44:49 --> Undefined variable: dataErr
#0 C:\laragon\www\aplikasi-pegawai\app\Controllers\Register.php(11): CodeIgniter\Debug\Exceptions->errorHandler(8, 'Undefined varia...', 'C:\\laragon\\www\\...', 11, Array)
#1 C:\laragon\www\aplikasi-pegawai\system\CodeIgniter.php(802): App\Controllers\Register->index()
#2 C:\laragon\www\aplikasi-pegawai\system\CodeIgniter.php(399): CodeIgniter\CodeIgniter->runController(Object(App\Controllers\Register))
#3 C:\laragon\www\aplikasi-pegawai\system\CodeIgniter.php(317): CodeIgniter\CodeIgniter->handleRequest(NULL, Object(Config\Cache), false)
#4 C:\laragon\www\aplikasi-pegawai\public\index.php(37): CodeIgniter\CodeIgniter->run()
#5 {main}
CRITICAL - 2021-11-29 22:45:00 --> Array to string conversion
#0 C:\laragon\www\aplikasi-pegawai\app\Views\register_view.php(18): CodeIgniter\Debug\Exceptions->errorHandler(8, 'Array to string...', 'C:\\laragon\\www\\...', 18, Array)
#1 C:\laragon\www\aplikasi-pegawai\system\View\View.php(214): include('C:\\laragon\\www\\...')
#2 C:\laragon\www\aplikasi-pegawai\system\View\View.php(217): CodeIgniter\View\View->CodeIgniter\View\{closure}()
#3 C:\laragon\www\aplikasi-pegawai\system\Common.php(1092): CodeIgniter\View\View->render('register_view', Array, true)
#4 C:\laragon\www\aplikasi-pegawai\app\Controllers\Register.php(17): view('register_view')
#5 C:\laragon\www\aplikasi-pegawai\system\CodeIgniter.php(802): App\Controllers\Register->index()
#6 C:\laragon\www\aplikasi-pegawai\system\CodeIgniter.php(399): CodeIgniter\CodeIgniter->runController(Object(App\Controllers\Register))
#7 C:\laragon\www\aplikasi-pegawai\system\CodeIgniter.php(317): CodeIgniter\CodeIgniter->handleRequest(NULL, Object(Config\Cache), false)
#8 C:\laragon\www\aplikasi-pegawai\public\index.php(37): CodeIgniter\CodeIgniter->run()
#9 {main}
CRITICAL - 2021-11-29 22:45:02 --> Array to string conversion
#0 C:\laragon\www\aplikasi-pegawai\app\Views\register_view.php(18): CodeIgniter\Debug\Exceptions->errorHandler(8, 'Array to string...', 'C:\\laragon\\www\\...', 18, Array)
#1 C:\laragon\www\aplikasi-pegawai\system\View\View.php(214): include('C:\\laragon\\www\\...')
#2 C:\laragon\www\aplikasi-pegawai\system\View\View.php(217): CodeIgniter\View\View->CodeIgniter\View\{closure}()
#3 C:\laragon\www\aplikasi-pegawai\system\Common.php(1092): CodeIgniter\View\View->render('register_view', Array, true)
#4 C:\laragon\www\aplikasi-pegawai\app\Controllers\Register.php(17): view('register_view')
#5 C:\laragon\www\aplikasi-pegawai\system\CodeIgniter.php(802): App\Controllers\Register->index()
#6 C:\laragon\www\aplikasi-pegawai\system\CodeIgniter.php(399): CodeIgniter\CodeIgniter->runController(Object(App\Controllers\Register))
#7 C:\laragon\www\aplikasi-pegawai\system\CodeIgniter.php(317): CodeIgniter\CodeIgniter->handleRequest(NULL, Object(Config\Cache), false)
#8 C:\laragon\www\aplikasi-pegawai\public\index.php(37): CodeIgniter\CodeIgniter->run()
#9 {main}
CRITICAL - 2021-11-29 22:45:19 --> Array to string conversion
#0 C:\laragon\www\aplikasi-pegawai\app\Views\register_view.php(18): CodeIgniter\Debug\Exceptions->errorHandler(8, 'Array to string...', 'C:\\laragon\\www\\...', 18, Array)
#1 C:\laragon\www\aplikasi-pegawai\system\View\View.php(214): include('C:\\laragon\\www\\...')
#2 C:\laragon\www\aplikasi-pegawai\system\View\View.php(217): CodeIgniter\View\View->CodeIgniter\View\{closure}()
#3 C:\laragon\www\aplikasi-pegawai\system\Common.php(1092): CodeIgniter\View\View->render('register_view', Array, true)
#4 C:\laragon\www\aplikasi-pegawai\app\Controllers\Register.php(17): view('register_view')
#5 C:\laragon\www\aplikasi-pegawai\system\CodeIgniter.php(802): App\Controllers\Register->index()
#6 C:\laragon\www\aplikasi-pegawai\system\CodeIgniter.php(399): CodeIgniter\CodeIgniter->runController(Object(App\Controllers\Register))
#7 C:\laragon\www\aplikasi-pegawai\system\CodeIgniter.php(317): CodeIgniter\CodeIgniter->handleRequest(NULL, Object(Config\Cache), false)
#8 C:\laragon\www\aplikasi-pegawai\public\index.php(37): CodeIgniter\CodeIgniter->run()
#9 {main}
CRITICAL - 2021-11-29 22:45:21 --> Array to string conversion
#0 C:\laragon\www\aplikasi-pegawai\app\Views\register_view.php(18): CodeIgniter\Debug\Exceptions->errorHandler(8, 'Array to string...', 'C:\\laragon\\www\\...', 18, Array)
#1 C:\laragon\www\aplikasi-pegawai\system\View\View.php(214): include('C:\\laragon\\www\\...')
#2 C:\laragon\www\aplikasi-pegawai\system\View\View.php(217): CodeIgniter\View\View->CodeIgniter\View\{closure}()
#3 C:\laragon\www\aplikasi-pegawai\system\Common.php(1092): CodeIgniter\View\View->render('register_view', Array, true)
#4 C:\laragon\www\aplikasi-pegawai\app\Controllers\Register.php(17): view('register_view')
#5 C:\laragon\www\aplikasi-pegawai\system\CodeIgniter.php(802): App\Controllers\Register->index()
#6 C:\laragon\www\aplikasi-pegawai\system\CodeIgniter.php(399): CodeIgniter\CodeIgniter->runController(Object(App\Controllers\Register))
#7 C:\laragon\www\aplikasi-pegawai\system\CodeIgniter.php(317): CodeIgniter\CodeIgniter->handleRequest(NULL, Object(Config\Cache), false)
#8 C:\laragon\www\aplikasi-pegawai\public\index.php(37): CodeIgniter\CodeIgniter->run()
#9 {main}
CRITICAL - 2021-11-29 22:48:00 --> syntax error, unexpected 'endif' (T_ENDIF), expecting end of file
#0 C:\laragon\www\aplikasi-pegawai\system\View\View.php(217): CodeIgniter\View\View->CodeIgniter\View\{closure}()
#1 C:\laragon\www\aplikasi-pegawai\system\Common.php(1092): CodeIgniter\View\View->render('register_view', Array, true)
#2 C:\laragon\www\aplikasi-pegawai\app\Controllers\Register.php(16): view('register_view')
#3 C:\laragon\www\aplikasi-pegawai\system\CodeIgniter.php(802): App\Controllers\Register->index()
#4 C:\laragon\www\aplikasi-pegawai\system\CodeIgniter.php(399): CodeIgniter\CodeIgniter->runController(Object(App\Controllers\Register))
#5 C:\laragon\www\aplikasi-pegawai\system\CodeIgniter.php(317): CodeIgniter\CodeIgniter->handleRequest(NULL, Object(Config\Cache), false)
#6 C:\laragon\www\aplikasi-pegawai\public\index.php(37): CodeIgniter\CodeIgniter->run()
#7 {main}
CRITICAL - 2021-11-29 22:49:15 --> Too few arguments to function CodeIgniter\Session\Session::setFlashdata(), 0 passed in C:\laragon\www\aplikasi-pegawai\app\Controllers\Register.php on line 11 and at least 1 expected
#0 C:\laragon\www\aplikasi-pegawai\app\Controllers\Register.php(11): CodeIgniter\Session\Session->setFlashdata()
#1 C:\laragon\www\aplikasi-pegawai\system\CodeIgniter.php(802): App\Controllers\Register->index()
#2 C:\laragon\www\aplikasi-pegawai\system\CodeIgniter.php(399): CodeIgniter\CodeIgniter->runController(Object(App\Controllers\Register))
#3 C:\laragon\www\aplikasi-pegawai\system\CodeIgniter.php(317): CodeIgniter\CodeIgniter->handleRequest(NULL, Object(Config\Cache), false)
#4 C:\laragon\www\aplikasi-pegawai\public\index.php(37): CodeIgniter\CodeIgniter->run()
#5 {main}
CRITICAL - 2021-11-29 22:51:48 --> Array to string conversion
#0 C:\laragon\www\aplikasi-pegawai\app\Views\register_view.php(18): CodeIgniter\Debug\Exceptions->errorHandler(8, 'Array to string...', 'C:\\laragon\\www\\...', 18, Array)
#1 C:\laragon\www\aplikasi-pegawai\system\View\View.php(214): include('C:\\laragon\\www\\...')
#2 C:\laragon\www\aplikasi-pegawai\system\View\View.php(217): CodeIgniter\View\View->CodeIgniter\View\{closure}()
#3 C:\laragon\www\aplikasi-pegawai\system\Common.php(1092): CodeIgniter\View\View->render('register_view', Array, true)
#4 C:\laragon\www\aplikasi-pegawai\app\Controllers\Register.php(17): view('register_view')
#5 C:\laragon\www\aplikasi-pegawai\system\CodeIgniter.php(802): App\Controllers\Register->index()
#6 C:\laragon\www\aplikasi-pegawai\system\CodeIgniter.php(399): CodeIgniter\CodeIgniter->runController(Object(App\Controllers\Register))
#7 C:\laragon\www\aplikasi-pegawai\system\CodeIgniter.php(317): CodeIgniter\CodeIgniter->handleRequest(NULL, Object(Config\Cache), false)
#8 C:\laragon\www\aplikasi-pegawai\public\index.php(37): CodeIgniter\CodeIgniter->run()
#9 {main}
CRITICAL - 2021-11-29 22:55:00 --> Undefined variable: data
#0 C:\laragon\www\aplikasi-pegawai\app\Controllers\Register.php(14): CodeIgniter\Debug\Exceptions->errorHandler(8, 'Undefined varia...', 'C:\\laragon\\www\\...', 14, Array)
#1 C:\laragon\www\aplikasi-pegawai\system\CodeIgniter.php(802): App\Controllers\Register->index()
#2 C:\laragon\www\aplikasi-pegawai\system\CodeIgniter.php(399): CodeIgniter\CodeIgniter->runController(Object(App\Controllers\Register))
#3 C:\laragon\www\aplikasi-pegawai\system\CodeIgniter.php(317): CodeIgniter\CodeIgniter->handleRequest(NULL, Object(Config\Cache), false)
#4 C:\laragon\www\aplikasi-pegawai\public\index.php(37): CodeIgniter\CodeIgniter->run()
#5 {main}
CRITICAL - 2021-11-29 22:55:11 --> Array to string conversion
#0 C:\laragon\www\aplikasi-pegawai\app\Views\register_view.php(18): CodeIgniter\Debug\Exceptions->errorHandler(8, 'Array to string...', 'C:\\laragon\\www\\...', 18, Array)
#1 C:\laragon\www\aplikasi-pegawai\system\View\View.php(214): include('C:\\laragon\\www\\...')
#2 C:\laragon\www\aplikasi-pegawai\system\View\View.php(217): CodeIgniter\View\View->CodeIgniter\View\{closure}()
#3 C:\laragon\www\aplikasi-pegawai\system\Common.php(1092): CodeIgniter\View\View->render('register_view', Array, true)
#4 C:\laragon\www\aplikasi-pegawai\app\Controllers\Register.php(17): view('register_view')
#5 C:\laragon\www\aplikasi-pegawai\system\CodeIgniter.php(802): App\Controllers\Register->index()
#6 C:\laragon\www\aplikasi-pegawai\system\CodeIgniter.php(399): CodeIgniter\CodeIgniter->runController(Object(App\Controllers\Register))
#7 C:\laragon\www\aplikasi-pegawai\system\CodeIgniter.php(317): CodeIgniter\CodeIgniter->handleRequest(NULL, Object(Config\Cache), false)
#8 C:\laragon\www\aplikasi-pegawai\public\index.php(37): CodeIgniter\CodeIgniter->run()
#9 {main}
CRITICAL - 2021-11-29 22:57:26 --> Undefined variable: dataErr
#0 C:\laragon\www\aplikasi-pegawai\app\Controllers\Register.php(32): CodeIgniter\Debug\Exceptions->errorHandler(8, 'Undefined varia...', 'C:\\laragon\\www\\...', 32, Array)
#1 C:\laragon\www\aplikasi-pegawai\system\CodeIgniter.php(802): App\Controllers\Register->submitRegister()
#2 C:\laragon\www\aplikasi-pegawai\system\CodeIgniter.php(399): CodeIgniter\CodeIgniter->runController(Object(App\Controllers\Register))
#3 C:\laragon\www\aplikasi-pegawai\system\CodeIgniter.php(317): CodeIgniter\CodeIgniter->handleRequest(NULL, Object(Config\Cache), false)
#4 C:\laragon\www\aplikasi-pegawai\public\index.php(37): CodeIgniter\CodeIgniter->run()
#5 {main}
